


materialPath: D:\SteamLibrary\steamapps\common\Counter-Strike Global Offensive\csgo\materials
Loading D:\GitHub\aircr_aimmap\ar_aim_map.vmf
Map revision 8
fixing up env_cubemap materials on brush sides...
0...1...2...3...4...5...6...7...8...9...100...1...2...3...4...5...6...7...8...9...10Processing areas...done (0)
Building Faces...done (0)
FixTjuncs...
PruneNodes...
WriteBSP...
done (0)
writing D:\GitHub\aircr_aimmap\ar_aim_map.prt...Building visibility clusters...
done (0)
Finding displacement neighbors...
Finding lightmap sample positions...
Displacement Alpha : 0...1...2...3...4...5...6...7...8...9...10
Building Physics collision data...
done (0) (19360 bytes)
Placing detail props : 0...1...2...3...4...5...6...7...8...9...10
Compacting texture/material tables...
Reduced 46 texinfos to 43
Reduced 2 texdatas to 2 (56 bytes to 56)
Writing D:\GitHub\aircr_aimmap\ar_aim_map.bsp
0 seconds elapsed



8 threads
reading d:\github\aircr_aimmap\ar_aim_map.bsp
reading d:\github\aircr_aimmap\ar_aim_map.prt
 108 portalclusters
 267 numportals
0...1...2...3...4...5...6...7...8...9...100...1...2...3...4...5...6...7...8...9...10Optimized: 10 visible clusters (0.00%)
Total clusters visible: 7602
Average clusters visible: 70
Building PAS...
Average clusters audible: 108
visdatasize:3908  compressed from 3456
writing d:\github\aircr_aimmap\ar_aim_map.bsp
0 seconds elapsed



[Reading texlights from 'lights.rad']
[17 texlights parsed from 'lights.rad']

Loading d:\github\aircr_aimmap\ar_aim_map.bsp
468 faces
386681 square feet [55682160.00 square inches]
0 Displacements
0 Square Feet [0.00 Square Inches]
468 patches before subdivision
15720 patches after subdivision
8 direct lights
0...1...2...3...4...5...6...7...8...9...100...1...2...3...4...5...6...7...8...9...10transfers 833042, max 311
transfer lists:   6.4 megs
0...1...2...3...4...5...6...7...8...9...10	Bounce #1 added RGB(0, 0, 0)
Build Patch/Sample Hash Table(s).....Done<0.0110 sec>
0...1...2...3...4...5...6...7...8...9...10FinalLightFace Done
0 of 0 (0% of) surface lights went in leaf ambient cubes.
0...1...2...3...4...5...6...7...8...9...10Writing leaf ambient...done
Ready to Finish

Object names       Objects/Maxobjs  Memory / Maxmem  Fullness 
------------       ---------------  ---------------  -------- 
models                   1/1024           48/49152    ( 0.1%) 
brushes                 51/8192          612/98304    ( 0.6%) 
brushsides             306/65536        2448/524288   ( 0.5%) 
planes                 140/65536        2800/1310720  ( 0.2%) 
vertexes               672/65536        8064/786432   ( 1.0%) 
nodes                  247/65536        7904/2097152  ( 0.4%) 
texinfos                43/12288        3096/884736   ( 0.3%) 
texdata                  2/2048           64/65536    ( 0.1%) 
dispinfos                0/0               0/0        ( 0.0%) 
disp_verts               0/0               0/0        ( 0.0%) 
disp_tris                0/0               0/0        ( 0.0%) 
disp_multiblend          0/0               0/0        ( 0.0%) 
disp_lmsamples           0/0               0/0        ( 0.0%) 
faces                  468/65536       26208/3670016  ( 0.7%) 
hdr faces                0/65536           0/3670016  ( 0.0%) 
origfaces              184/65536       10304/3670016  ( 0.3%) 
facebrushes             24/0              48/0        ( 0.0%) 
facebrushlists         468/0            1872/0        ( 0.0%) 
leaves                 249/65536        7968/2097152  ( 0.4%) 
leaffaces              513/65536        1026/131072   ( 0.8%) 
leafbrushes            127/65536         254/131072   ( 0.2%) 
areas                    2/1024           16/8192     ( 0.2%) 
surfedges             2926/512000      11704/2048000  ( 0.6%) 
edges                 1596/256000       6384/1024000  ( 0.6%) 
LDR worldlights          2/8192          200/819200   ( 0.0%) 
HDR worldlights          0/8192            0/819200   ( 0.0%) 
leafwaterdata            0/32768           0/393216   ( 0.0%) 
waterstrips             56/32768         560/327680   ( 0.2%) 
waterverts               0/65536           0/786432   ( 0.0%) 
waterindices           792/65536        1584/131072   ( 1.2%) 
cubemapsamples           0/1024            0/16384    ( 0.0%) 
overlays                 0/1024            0/360448   ( 0.0%) 
LDR lightdata         [variable]      749924/0        ( 0.0%) 
HDR lightdata         [variable]           0/0        ( 0.0%) 
visdata               [variable]        3908/16777216 ( 0.0%) 
entdata               [variable]        7920/393216   ( 2.0%) 
LDR ambient table      249/65536         996/262144   ( 0.4%) 
HDR ambient table      249/65536         996/262144   ( 0.4%) 
LDR leaf ambient       108/65536        3024/1835008  ( 0.2%) 
HDR leaf ambient       249/65536        6972/1835008  ( 0.4%) 
occluders                0/0               0/0        ( 0.0%) 
occluder polygons        0/0               0/0        ( 0.0%) 
occluder vert ind        0/0               0/0        ( 0.0%) 
detail props          [variable]           1/12       ( 8.3%) 
static props          [variable]           1/12       ( 8.3%) 
pakfile               [variable]       74438/0        ( 0.0%) 
physics               [variable]       19360/4194304  ( 0.5%) 
physics terrain       [variable]           2/1048576  ( 0.0%) 

Level flags = 1c

Total triangle count: 1254
Writing d:\github\aircr_aimmap\ar_aim_map.bsp
2 seconds elapsed
