PRT1
108
267
4 0 7 (-624 0 -425.390991 ) (-144 0 -425.390991 ) (-144 0 1273.390015 ) (-624 0 1273.390015 ) 
4 0 6 (-624 416 -425.390991 ) (-624 0 -425.390991 ) (-624 0 0 ) (-624 416 0 ) 
4 0 5 (-624 446.857025 -425.390991 ) (-624 416 -425.390991 ) (-624 416 32 ) (-624 446.857025 32 ) 
4 0 3 (-624 0 512 ) (-624 0 1273.390015 ) (-624 368 1273.390015 ) (-624 368 512 ) 
4 0 2 (-624 368 1273.390015 ) (-624 416 1273.390015 ) (-624 416 512 ) (-624 368 512 ) 
4 0 1 (-624 416 1273.390015 ) (-624 446.857025 1273.390015 ) (-624 446.857025 32 ) (-624 416 32 ) 
4 1 11 (-1024 416 1273.390015 ) (-1024 446.857025 1273.390015 ) (-1024 446.857025 32 ) (-1024 416 32 ) 
4 1 5 (-1024 416 32 ) (-1024 446.857025 32 ) (-624 446.857025 32 ) (-624 416 32 ) 
4 1 2 (-624 416 512 ) (-624 416 1273.390015 ) (-1024 416 1273.390015 ) (-1024 416 512 ) 
4 2 12 (-1024 368 1273.390015 ) (-1024 416 1273.390015 ) (-1024 416 512 ) (-1024 368 512 ) 
4 2 3 (-624 368 512 ) (-624 368 1273.390015 ) (-672 368 1273.390015 ) (-672 368 512 ) 
4 2 4 (-672 368 1273.390015 ) (-1024 368 1273.390015 ) (-1024 368 512 ) (-672 368 512 ) 
4 3 8 (-624 0 512 ) (-624 0 1273.390015 ) (-672 0 1273.390015 ) (-672 0 512 ) 
4 3 4 (-672 368 1273.390015 ) (-672 368 512 ) (-672 0 512 ) (-672 0 1273.390015 ) 
4 4 14 (-1024 0 224 ) (-1024 0 1273.390015 ) (-1024 96 1273.390015 ) (-1024 96 224 ) 
4 4 13 (-1024 96 1273.390015 ) (-1024 368 1273.390015 ) (-1024 368 32 ) (-1024 96 32 ) 
4 4 9 (-1024 0 1273.390015 ) (-1024 0 32 ) (-672 0 32 ) (-672 0 1273.390015 ) 
4 5 16 (-1024 416 32 ) (-1024 446.857025 32 ) (-1024 446.857025 -425.390991 ) (-1024 416 -425.390991 ) 
4 5 6 (-1024 416 -425.390991 ) (-624 416 -425.390991 ) (-624 416 0 ) (-1024 416 0 ) 
4 6 17 (-1024 0 -425.390991 ) (-1024 0 0 ) (-1024 416 0 ) (-1024 416 -425.390991 ) 
4 6 10 (-1024 0 0 ) (-1024 0 -425.390991 ) (-624 0 -425.390991 ) (-624 0 0 ) 
4 7 55 (-144 -1024 1273.390015 ) (-624 -1024 1273.390015 ) (-624 -1024 -425.390991 ) (-144 -1024 -425.390991 ) 
4 7 10 (-624 0 -425.390991 ) (-624 -1024 -425.390991 ) (-624 -1024 0 ) (-624 0 0 ) 
4 7 8 (-624 -1024 512 ) (-624 -1024 1273.390015 ) (-624 0 1273.390015 ) (-624 0 512 ) 
4 8 56 (-624 -1024 1273.390015 ) (-672 -1024 1273.390015 ) (-672 -1024 512 ) (-624 -1024 512 ) 
4 8 9 (-672 -1024 512 ) (-672 -1024 1273.390015 ) (-672 0 1273.390015 ) (-672 0 512 ) 
4 9 57 (-672 -1024 1273.390015 ) (-1024 -1024 1273.390015 ) (-1024 -1024 32 ) (-672 -1024 32 ) 
4 9 42 (-1024 -1024 32 ) (-1024 -1024 224 ) (-1024 -688 224 ) (-1024 -688 32 ) 
4 9 40 (-1024 -1024 224 ) (-1024 -1024 1273.390015 ) (-1024 -560 1273.390015 ) (-1024 -560 224 ) 
4 9 37 (-1024 -448 192 ) (-1024 -448 32 ) (-1024 -560 32 ) (-1024 -560 192 ) 
4 9 36 (-1024 -560 1273.390015 ) (-1024 -448 1273.390015 ) (-1024 -448 192 ) (-1024 -560 192 ) 
4 9 27 (-1024 -240 32 ) (-1024 -352 32 ) (-1024 -352 112 ) (-1024 -240 112 ) 
4 9 25 (-1024 -144 160 ) (-1024 -144 112 ) (-1024 -448 112 ) (-1024 -448 160 ) 
4 9 24 (-1024 -448 1273.390015 ) (-1024 -144 1273.390015 ) (-1024 -144 160 ) (-1024 -448 160 ) 
4 9 21 (-1024 -32 192 ) (-1024 -32 32 ) (-1024 -144 32 ) (-1024 -144 192 ) 
4 9 20 (-1024 -144 1273.390015 ) (-1024 -32 1273.390015 ) (-1024 -32 192 ) (-1024 -144 192 ) 
4 9 18 (-1024 -32 1273.390015 ) (-1024 0 1273.390015 ) (-1024 0 224 ) (-1024 -32 224 ) 
4 10 58 (-1024 -1024 0 ) (-1024 -1024 -425.390991 ) (-624 -1024 -425.390991 ) (-624 -1024 0 ) 
4 10 43 (-1024 -1024 -425.390991 ) (-1024 -1024 0 ) (-1024 0 0 ) (-1024 0 -425.390991 ) 
4 11 44 (-2048 416 1273.390015 ) (-2048 446.857025 1273.390015 ) (-2048 446.857025 32 ) (-2048 416 32 ) 
4 11 16 (-2048 416 32 ) (-2048 446.857025 32 ) (-1024 446.857025 32 ) (-1024 416 32 ) 
4 11 12 (-1024 416 512 ) (-1024 416 1273.390015 ) (-2048 416 1273.390015 ) (-2048 416 512 ) 
4 12 45 (-2048 368 1273.390015 ) (-2048 416 1273.390015 ) (-2048 416 512 ) (-2048 368 512 ) 
4 12 13 (-1024 368 512 ) (-1024 368 1273.390015 ) (-2048 368 1273.390015 ) (-2048 368 512 ) 
4 13 46 (-2048 96 1273.390015 ) (-2048 368 1273.390015 ) (-2048 368 32 ) (-2048 96 32 ) 
4 13 15 (-1920 96 32 ) (-1152 96 32 ) (-1152 96 224 ) (-1920 96 224 ) 
4 13 14 (-1024 96 224 ) (-1024 96 1273.390015 ) (-2048 96 1273.390015 ) (-2048 96 224 ) 
4 14 46 (-2048 0 224 ) (-2048 0 1273.390015 ) (-2048 96 1273.390015 ) (-2048 96 224 ) 
4 14 18 (-1024 0 224 ) (-1024 0 1273.390015 ) (-2048 0 1273.390015 ) (-2048 0 224 ) 
4 14 15 (-1152 0 224 ) (-1920 0 224 ) (-1920 96 224 ) (-1152 96 224 ) 
4 15 19 (-1152 0 224 ) (-1920 0 224 ) (-1920 0 32 ) (-1152 0 32 ) 
4 16 48 (-2048 416 32 ) (-2048 446.857025 32 ) (-2048 446.857025 -425.390991 ) (-2048 416 -425.390991 ) 
4 16 17 (-2048 416 -425.390991 ) (-1024 416 -425.390991 ) (-1024 416 0 ) (-2048 416 0 ) 
4 17 49 (-2048 0 -425.390991 ) (-2048 0 0 ) (-2048 416 0 ) (-2048 416 -425.390991 ) 
4 17 43 (-1024 0 -425.390991 ) (-1024 0 0 ) (-2048 0 0 ) (-2048 0 -425.390991 ) 
4 18 51 (-2048 0 1273.390015 ) (-2048 0 224 ) (-2048 -32 224 ) (-2048 -32 1273.390015 ) 
4 18 20 (-2048 -32 1273.390015 ) (-2048 -32 224 ) (-1024 -32 224 ) (-1024 -32 1273.390015 ) 
4 18 19 (-1152 -32 224 ) (-1920 -32 224 ) (-1920 0 224 ) (-1152 0 224 ) 
4 19 22 (-1920 -32 32 ) (-1152 -32 32 ) (-1152 -32 192 ) (-1920 -32 192 ) 
4 19 20 (-1152 -32 192 ) (-1152 -32 224 ) (-1920 -32 224 ) (-1920 -32 192 ) 
4 20 51 (-2048 -32 1273.390015 ) (-2048 -32 192 ) (-2048 -144 192 ) (-2048 -144 1273.390015 ) 
4 20 31 (-2000 -144 1273.390015 ) (-2048 -144 1273.390015 ) (-2048 -144 192 ) (-2000 -144 192 ) 
4 20 30 (-1904 -144 192 ) (-1168 -144 192 ) (-1168 -144 256 ) (-1904 -144 256 ) 
4 20 29 (-1072 -144 1273.390015 ) (-2000 -144 1273.390015 ) (-2000 -144 256 ) (-1072 -144 256 ) 
4 20 24 (-1024 -144 192 ) (-1024 -144 1273.390015 ) (-1072 -144 1273.390015 ) (-1072 -144 192 ) 
4 20 23 (-2032 -144 192 ) (-2048 -144 192 ) (-2048 -32 192 ) (-2032 -32 192 ) 
4 20 21 (-1024 -144 192 ) (-1040 -144 192 ) (-1040 -32 192 ) (-1024 -32 192 ) 
4 20 22 (-1104 -144 192 ) (-1968 -144 192 ) (-1968 -32 192 ) (-1104 -32 192 ) 
4 21 25 (-1024 -144 112 ) (-1024 -144 160 ) (-1040 -144 160 ) (-1040 -144 112 ) 
4 21 24 (-1024 -144 160 ) (-1024 -144 192 ) (-1040 -144 192 ) (-1040 -144 160 ) 
4 22 30 (-1904 -144 32 ) (-1168 -144 32 ) (-1168 -144 192 ) (-1904 -144 192 ) 
4 23 51 (-2048 -32 192 ) (-2048 -32 32 ) (-2048 -144 32 ) (-2048 -144 192 ) 
4 23 33 (-2032 -144 112 ) (-2032 -144 160 ) (-2048 -144 160 ) (-2048 -144 112 ) 
4 23 31 (-2032 -144 160 ) (-2032 -144 192 ) (-2048 -144 192 ) (-2048 -144 160 ) 
4 24 37 (-1024 -448 160 ) (-1024 -448 192 ) (-1040 -448 192 ) (-1040 -448 160 ) 
4 24 36 (-1024 -448 192 ) (-1024 -448 1273.390015 ) (-1072 -448 1273.390015 ) (-1072 -448 192 ) 
4 24 29 (-1072 -144 1273.390015 ) (-1072 -144 256 ) (-1072 -448 256 ) (-1072 -448 1273.390015 ) 
4 24 26 (-1072 -416 160 ) (-1072 -176 160 ) (-1040 -176 160 ) (-1040 -416 160 ) 
4 24 25 (-1024 -448 160 ) (-1040 -448 160 ) (-1040 -144 160 ) (-1024 -144 160 ) 
4 25 37 (-1024 -448 112 ) (-1024 -448 160 ) (-1040 -448 160 ) (-1040 -448 112 ) 
4 25 27 (-1040 -352 112 ) (-1040 -240 112 ) (-1024 -240 112 ) (-1024 -352 112 ) 
4 25 26 (-1040 -176 112 ) (-1040 -416 112 ) (-1040 -416 160 ) (-1040 -176 160 ) 
4 26 28 (-1072 -352 112 ) (-1072 -240 112 ) (-1040 -240 112 ) (-1040 -352 112 ) 
4 27 28 (-1040 -240 112 ) (-1040 -240 80 ) (-1040 -352 80 ) (-1040 -352 112 ) 
4 29 36 (-1072 -448 256 ) (-1072 -448 1273.390015 ) (-2000 -448 1273.390015 ) (-2000 -448 256 ) 
4 29 31 (-2000 -144 1273.390015 ) (-2000 -144 256 ) (-2000 -448 256 ) (-2000 -448 1273.390015 ) 
4 29 30 (-1904 -144 256 ) (-1168 -144 256 ) (-1168 -448 256 ) (-1904 -448 256 ) 
4 30 38 (-1904 -448 32 ) (-1168 -448 32 ) (-1168 -448 192 ) (-1904 -448 192 ) 
4 30 36 (-1168 -448 192 ) (-1168 -448 256 ) (-1904 -448 256 ) (-1904 -448 192 ) 
4 31 51 (-2048 -144 1273.390015 ) (-2048 -144 160 ) (-2048 -448 160 ) (-2048 -448 1273.390015 ) 
4 31 39 (-2048 -448 192 ) (-2048 -448 160 ) (-2032 -448 160 ) (-2032 -448 192 ) 
4 31 36 (-2048 -448 1273.390015 ) (-2048 -448 192 ) (-2000 -448 192 ) (-2000 -448 1273.390015 ) 
4 31 32 (-2000 -176 160 ) (-2000 -416 160 ) (-2032 -416 160 ) (-2032 -176 160 ) 
4 31 33 (-2048 -144 160 ) (-2032 -144 160 ) (-2032 -448 160 ) (-2048 -448 160 ) 
4 32 34 (-2000 -240 112 ) (-2000 -352 112 ) (-2032 -352 112 ) (-2032 -240 112 ) 
4 32 33 (-2032 -176 112 ) (-2032 -416 112 ) (-2032 -416 160 ) (-2032 -176 160 ) 
4 33 51 (-2048 -144 160 ) (-2048 -144 112 ) (-2048 -448 112 ) (-2048 -448 160 ) 
4 33 39 (-2048 -448 160 ) (-2048 -448 112 ) (-2032 -448 112 ) (-2032 -448 160 ) 
4 33 35 (-2032 -240 112 ) (-2032 -352 112 ) (-2048 -352 112 ) (-2048 -240 112 ) 
4 34 35 (-2032 -240 112 ) (-2032 -240 80 ) (-2032 -352 80 ) (-2032 -352 112 ) 
4 35 51 (-2048 -240 32 ) (-2048 -352 32 ) (-2048 -352 112 ) (-2048 -240 112 ) 
4 36 51 (-2048 -448 1273.390015 ) (-2048 -448 192 ) (-2048 -560 192 ) (-2048 -560 1273.390015 ) 
4 36 41 (-1152 -560 224 ) (-1920 -560 224 ) (-1920 -560 192 ) (-1152 -560 192 ) 
4 36 40 (-1024 -560 224 ) (-1024 -560 1273.390015 ) (-2048 -560 1273.390015 ) (-2048 -560 224 ) 
4 36 38 (-1104 -560 192 ) (-1968 -560 192 ) (-1968 -448 192 ) (-1104 -448 192 ) 
4 36 39 (-2032 -560 192 ) (-2048 -560 192 ) (-2048 -448 192 ) (-2032 -448 192 ) 
4 36 37 (-1024 -560 192 ) (-1040 -560 192 ) (-1040 -448 192 ) (-1024 -448 192 ) 
4 38 41 (-1920 -560 32 ) (-1152 -560 32 ) (-1152 -560 192 ) (-1920 -560 192 ) 
4 39 51 (-2048 -448 192 ) (-2048 -448 32 ) (-2048 -560 32 ) (-2048 -560 192 ) 
4 40 66 (-1024 -1024 224 ) (-1024 -1024 1273.390015 ) (-2048 -1024 1273.390015 ) (-2048 -1024 224 ) 
4 40 51 (-2048 -1024 224 ) (-2048 -1024 1273.390015 ) (-2048 -560 1273.390015 ) (-2048 -560 224 ) 
4 40 41 (-1920 -560 224 ) (-1152 -560 224 ) (-1152 -688 224 ) (-1920 -688 224 ) 
4 40 42 (-1024 -1024 224 ) (-2048 -1024 224 ) (-2048 -688 224 ) (-1024 -688 224 ) 
4 41 42 (-1920 -688 32 ) (-1152 -688 32 ) (-1152 -688 224 ) (-1920 -688 224 ) 
4 42 67 (-1024 -1024 32 ) (-1024 -1024 224 ) (-2048 -1024 224 ) (-2048 -1024 32 ) 
4 42 51 (-2048 -1024 32 ) (-2048 -1024 224 ) (-2048 -688 224 ) (-2048 -688 32 ) 
4 43 92 (-1024 -1024 -425.390991 ) (-1024 -1024 0 ) (-2048 -1024 0 ) (-2048 -1024 -425.390991 ) 
4 43 53 (-2048 -1024 -425.390991 ) (-2048 -1024 0 ) (-2048 0 0 ) (-2048 0 -425.390991 ) 
4 44 50 (-2464 416 1273.390015 ) (-2464 446.857025 1273.390015 ) (-2464 446.857025 32 ) (-2464 416 32 ) 
4 44 48 (-2464 416 32 ) (-2464 446.857025 32 ) (-2048 446.857025 32 ) (-2048 416 32 ) 
4 44 45 (-2464 416 1273.390015 ) (-2464 416 512 ) (-2048 416 512 ) (-2048 416 1273.390015 ) 
4 45 50 (-2464 368 1273.390015 ) (-2464 416 1273.390015 ) (-2464 416 512 ) (-2464 368 512 ) 
4 45 47 (-2464 368 1273.390015 ) (-2464 368 512 ) (-2432 368 512 ) (-2432 368 1273.390015 ) 
4 45 46 (-2432 368 512 ) (-2048 368 512 ) (-2048 368 1273.390015 ) (-2432 368 1273.390015 ) 
4 46 51 (-2048 0 32 ) (-2048 0 1273.390015 ) (-2432 0 1273.390015 ) (-2432 0 32 ) 
4 46 47 (-2432 368 1273.390015 ) (-2432 368 512 ) (-2432 0 512 ) (-2432 0 1273.390015 ) 
4 47 52 (-2432 0 1273.390015 ) (-2464 0 1273.390015 ) (-2464 0 512 ) (-2432 0 512 ) 
4 47 50 (-2464 0 512 ) (-2464 0 1273.390015 ) (-2464 368 1273.390015 ) (-2464 368 512 ) 
4 48 50 (-2464 446.857025 -425.390991 ) (-2464 416 -425.390991 ) (-2464 416 32 ) (-2464 446.857025 32 ) 
4 48 49 (-2464 416 0 ) (-2464 416 -425.390991 ) (-2048 416 -425.390991 ) (-2048 416 0 ) 
4 49 53 (-2048 0 -425.390991 ) (-2048 0 0 ) (-2464 0 0 ) (-2464 0 -425.390991 ) 
4 49 50 (-2464 416 -425.390991 ) (-2464 0 -425.390991 ) (-2464 0 0 ) (-2464 416 0 ) 
4 50 54 (-2464 0 1273.390015 ) (-2928 0 1273.390015 ) (-2928 0 -425.390991 ) (-2464 0 -425.390991 ) 
4 51 93 (-2048 -1024 32 ) (-2048 -1024 1273.390015 ) (-2432 -1024 1273.390015 ) (-2432 -1024 32 ) 
4 51 52 (-2432 -1024 512 ) (-2432 -1024 1273.390015 ) (-2432 0 1273.390015 ) (-2432 0 512 ) 
4 52 94 (-2432 -1024 1273.390015 ) (-2464 -1024 1273.390015 ) (-2464 -1024 512 ) (-2432 -1024 512 ) 
4 52 54 (-2464 -1024 512 ) (-2464 -1024 1273.390015 ) (-2464 0 1273.390015 ) (-2464 0 512 ) 
4 53 95 (-2048 -1024 -425.390991 ) (-2048 -1024 0 ) (-2464 -1024 0 ) (-2464 -1024 -425.390991 ) 
4 53 54 (-2464 0 -425.390991 ) (-2464 -1024 -425.390991 ) (-2464 -1024 0 ) (-2464 0 0 ) 
4 54 96 (-2464 -1024 1273.390015 ) (-2928 -1024 1273.390015 ) (-2928 -1024 -425.390991 ) (-2464 -1024 -425.390991 ) 
4 55 59 (-144 -2048 1273.390015 ) (-624 -2048 1273.390015 ) (-624 -2048 -425.390991 ) (-144 -2048 -425.390991 ) 
4 55 58 (-624 -1024 -425.390991 ) (-624 -2048 -425.390991 ) (-624 -2048 0 ) (-624 -1024 0 ) 
4 55 56 (-624 -2048 512 ) (-624 -2048 1273.390015 ) (-624 -1024 1273.390015 ) (-624 -1024 512 ) 
4 56 60 (-624 -2048 1273.390015 ) (-672 -2048 1273.390015 ) (-672 -2048 512 ) (-624 -2048 512 ) 
4 56 57 (-672 -2048 512 ) (-672 -2048 1273.390015 ) (-672 -1024 1273.390015 ) (-672 -1024 512 ) 
4 57 91 (-1024 -2016 32 ) (-1024 -2048 32 ) (-1024 -2048 224 ) (-1024 -2016 224 ) 
4 57 89 (-1024 -2048 224 ) (-1024 -2048 1273.390015 ) (-1024 -1888 1273.390015 ) (-1024 -1888 224 ) 
4 57 86 (-1024 -1776 32 ) (-1024 -1888 32 ) (-1024 -1888 192 ) (-1024 -1776 192 ) 
4 57 85 (-1024 -1888 192 ) (-1024 -1888 1273.390015 ) (-1024 -1776 1273.390015 ) (-1024 -1776 192 ) 
4 57 76 (-1024 -1568 32 ) (-1024 -1680 32 ) (-1024 -1680 112 ) (-1024 -1568 112 ) 
4 57 74 (-1024 -1776 112 ) (-1024 -1776 160 ) (-1024 -1472 160 ) (-1024 -1472 112 ) 
4 57 73 (-1024 -1776 160 ) (-1024 -1776 1273.390015 ) (-1024 -1472 1273.390015 ) (-1024 -1472 160 ) 
4 57 70 (-1024 -1360 32 ) (-1024 -1472 32 ) (-1024 -1472 192 ) (-1024 -1360 192 ) 
4 57 69 (-1024 -1472 192 ) (-1024 -1472 1273.390015 ) (-1024 -1360 1273.390015 ) (-1024 -1360 192 ) 
4 57 67 (-1024 -1024 224 ) (-1024 -1024 32 ) (-1024 -1232 32 ) (-1024 -1232 224 ) 
4 57 66 (-1024 -1024 1273.390015 ) (-1024 -1024 224 ) (-1024 -1360 224 ) (-1024 -1360 1273.390015 ) 
4 57 61 (-672 -2048 1273.390015 ) (-1024 -2048 1273.390015 ) (-1024 -2048 32 ) (-672 -2048 32 ) 
4 58 92 (-1024 -1024 0 ) (-1024 -1024 -425.390991 ) (-1024 -2048 -425.390991 ) (-1024 -2048 0 ) 
4 58 64 (-1024 -2048 0 ) (-1024 -2048 -425.390991 ) (-624 -2048 -425.390991 ) (-624 -2048 0 ) 
4 59 64 (-624 -2048 -425.390991 ) (-624 -2320 -425.390991 ) (-624 -2320 0 ) (-624 -2048 0 ) 
4 59 65 (-624 -2320 -425.390991 ) (-624 -2398.860107 -425.390991 ) (-624 -2398.860107 32 ) (-624 -2320 32 ) 
4 59 62 (-624 -2320 1273.390015 ) (-624 -2288 1273.390015 ) (-624 -2288 512 ) (-624 -2320 512 ) 
4 59 63 (-624 -2398.860107 32 ) (-624 -2398.860107 1273.390015 ) (-624 -2320 1273.390015 ) (-624 -2320 32 ) 
4 59 60 (-624 -2288 1273.390015 ) (-624 -2048 1273.390015 ) (-624 -2048 512 ) (-624 -2288 512 ) 
4 60 62 (-624 -2288 512 ) (-624 -2288 1273.390015 ) (-672 -2288 1273.390015 ) (-672 -2288 512 ) 
4 60 61 (-672 -2288 512 ) (-672 -2288 1273.390015 ) (-672 -2048 1273.390015 ) (-672 -2048 512 ) 
4 61 97 (-1024 -2288 1273.390015 ) (-1024 -2048 1273.390015 ) (-1024 -2048 32 ) (-1024 -2288 32 ) 
4 61 62 (-672 -2288 512 ) (-672 -2288 1273.390015 ) (-1024 -2288 1273.390015 ) (-1024 -2288 512 ) 
4 62 98 (-1024 -2320 1273.390015 ) (-1024 -2288 1273.390015 ) (-1024 -2288 512 ) (-1024 -2320 512 ) 
4 62 63 (-624 -2320 512 ) (-624 -2320 1273.390015 ) (-1024 -2320 1273.390015 ) (-1024 -2320 512 ) 
4 63 100 (-1024 -2398.860107 1273.390015 ) (-1024 -2320 1273.390015 ) (-1024 -2320 32 ) (-1024 -2398.860107 32 ) 
4 63 65 (-1024 -2398.860107 32 ) (-1024 -2320 32 ) (-624 -2320 32 ) (-624 -2398.860107 32 ) 
4 64 99 (-1024 -2048 0 ) (-1024 -2048 -425.390991 ) (-1024 -2320 -425.390991 ) (-1024 -2320 0 ) 
4 64 65 (-1024 -2320 -425.390991 ) (-624 -2320 -425.390991 ) (-624 -2320 0 ) (-1024 -2320 0 ) 
4 65 100 (-1024 -2398.860107 32 ) (-1024 -2320 32 ) (-1024 -2320 -425.390991 ) (-1024 -2398.860107 -425.390991 ) 
4 66 93 (-2048 -1024 1273.390015 ) (-2048 -1024 224 ) (-2048 -1360 224 ) (-2048 -1360 1273.390015 ) 
4 66 69 (-1024 -1360 224 ) (-1024 -1360 1273.390015 ) (-2048 -1360 1273.390015 ) (-2048 -1360 224 ) 
4 66 68 (-1152 -1360 224 ) (-1920 -1360 224 ) (-1920 -1232 224 ) (-1152 -1232 224 ) 
4 66 67 (-2048 -1232 224 ) (-2048 -1024 224 ) (-1024 -1024 224 ) (-1024 -1232 224 ) 
4 67 93 (-2048 -1024 224 ) (-2048 -1024 32 ) (-2048 -1232 32 ) (-2048 -1232 224 ) 
4 67 68 (-1920 -1232 32 ) (-1152 -1232 32 ) (-1152 -1232 224 ) (-1920 -1232 224 ) 
4 68 71 (-1920 -1360 32 ) (-1152 -1360 32 ) (-1152 -1360 192 ) (-1920 -1360 192 ) 
4 68 69 (-1152 -1360 192 ) (-1152 -1360 224 ) (-1920 -1360 224 ) (-1920 -1360 192 ) 
4 69 93 (-2048 -1472 192 ) (-2048 -1472 1273.390015 ) (-2048 -1360 1273.390015 ) (-2048 -1360 192 ) 
4 69 80 (-2048 -1472 1273.390015 ) (-2048 -1472 192 ) (-2000 -1472 192 ) (-2000 -1472 1273.390015 ) 
4 69 79 (-1904 -1472 192 ) (-1168 -1472 192 ) (-1168 -1472 256 ) (-1904 -1472 256 ) 
4 69 78 (-1072 -1472 256 ) (-1072 -1472 1273.390015 ) (-2000 -1472 1273.390015 ) (-2000 -1472 256 ) 
4 69 73 (-1072 -1472 192 ) (-1024 -1472 192 ) (-1024 -1472 1273.390015 ) (-1072 -1472 1273.390015 ) 
4 69 72 (-2032 -1472 192 ) (-2048 -1472 192 ) (-2048 -1360 192 ) (-2032 -1360 192 ) 
4 69 70 (-1024 -1472 192 ) (-1040 -1472 192 ) (-1040 -1360 192 ) (-1024 -1360 192 ) 
4 69 71 (-1104 -1472 192 ) (-1968 -1472 192 ) (-1968 -1360 192 ) (-1104 -1360 192 ) 
4 70 74 (-1024 -1472 112 ) (-1024 -1472 160 ) (-1040 -1472 160 ) (-1040 -1472 112 ) 
4 70 73 (-1024 -1472 160 ) (-1024 -1472 192 ) (-1040 -1472 192 ) (-1040 -1472 160 ) 
4 71 79 (-1904 -1472 32 ) (-1168 -1472 32 ) (-1168 -1472 192 ) (-1904 -1472 192 ) 
4 72 93 (-2048 -1360 32 ) (-2048 -1472 32 ) (-2048 -1472 192 ) (-2048 -1360 192 ) 
4 72 82 (-2048 -1472 160 ) (-2048 -1472 112 ) (-2032 -1472 112 ) (-2032 -1472 160 ) 
4 72 80 (-2048 -1472 192 ) (-2048 -1472 160 ) (-2032 -1472 160 ) (-2032 -1472 192 ) 
4 73 86 (-1024 -1776 160 ) (-1024 -1776 192 ) (-1040 -1776 192 ) (-1040 -1776 160 ) 
4 73 85 (-1024 -1776 192 ) (-1024 -1776 1273.390015 ) (-1072 -1776 1273.390015 ) (-1072 -1776 192 ) 
4 73 78 (-1072 -1472 1273.390015 ) (-1072 -1472 256 ) (-1072 -1776 256 ) (-1072 -1776 1273.390015 ) 
4 73 75 (-1072 -1744 160 ) (-1072 -1504 160 ) (-1040 -1504 160 ) (-1040 -1744 160 ) 
4 73 74 (-1024 -1776 160 ) (-1040 -1776 160 ) (-1040 -1472 160 ) (-1024 -1472 160 ) 
4 74 86 (-1024 -1776 112 ) (-1024 -1776 160 ) (-1040 -1776 160 ) (-1040 -1776 112 ) 
4 74 76 (-1040 -1680 112 ) (-1040 -1568 112 ) (-1024 -1568 112 ) (-1024 -1680 112 ) 
4 74 75 (-1040 -1504 112 ) (-1040 -1744 112 ) (-1040 -1744 160 ) (-1040 -1504 160 ) 
4 75 77 (-1072 -1680 112 ) (-1072 -1568 112 ) (-1040 -1568 112 ) (-1040 -1680 112 ) 
4 76 77 (-1040 -1568 112 ) (-1040 -1568 80 ) (-1040 -1680 80 ) (-1040 -1680 112 ) 
4 78 85 (-1072 -1776 256 ) (-1072 -1776 1273.390015 ) (-2000 -1776 1273.390015 ) (-2000 -1776 256 ) 
4 78 80 (-2000 -1472 1273.390015 ) (-2000 -1472 256 ) (-2000 -1776 256 ) (-2000 -1776 1273.390015 ) 
4 78 79 (-1904 -1472 256 ) (-1168 -1472 256 ) (-1168 -1776 256 ) (-1904 -1776 256 ) 
4 79 87 (-1904 -1776 32 ) (-1168 -1776 32 ) (-1168 -1776 192 ) (-1904 -1776 192 ) 
4 79 85 (-1168 -1776 192 ) (-1168 -1776 256 ) (-1904 -1776 256 ) (-1904 -1776 192 ) 
4 80 93 (-2048 -1776 160 ) (-2048 -1776 1273.390015 ) (-2048 -1472 1273.390015 ) (-2048 -1472 160 ) 
4 80 88 (-2032 -1776 192 ) (-2048 -1776 192 ) (-2048 -1776 160 ) (-2032 -1776 160 ) 
4 80 85 (-2000 -1776 192 ) (-2000 -1776 1273.390015 ) (-2048 -1776 1273.390015 ) (-2048 -1776 192 ) 
4 80 81 (-2000 -1504 160 ) (-2000 -1744 160 ) (-2032 -1744 160 ) (-2032 -1504 160 ) 
4 80 82 (-2048 -1472 160 ) (-2032 -1472 160 ) (-2032 -1776 160 ) (-2048 -1776 160 ) 
4 81 83 (-2000 -1568 112 ) (-2000 -1680 112 ) (-2032 -1680 112 ) (-2032 -1568 112 ) 
4 81 82 (-2032 -1504 112 ) (-2032 -1744 112 ) (-2032 -1744 160 ) (-2032 -1504 160 ) 
4 82 93 (-2048 -1776 112 ) (-2048 -1776 160 ) (-2048 -1472 160 ) (-2048 -1472 112 ) 
4 82 88 (-2032 -1776 160 ) (-2048 -1776 160 ) (-2048 -1776 112 ) (-2032 -1776 112 ) 
4 82 84 (-2032 -1568 112 ) (-2032 -1680 112 ) (-2048 -1680 112 ) (-2048 -1568 112 ) 
4 83 84 (-2032 -1568 112 ) (-2032 -1568 80 ) (-2032 -1680 80 ) (-2032 -1680 112 ) 
4 84 93 (-2048 -1568 32 ) (-2048 -1680 32 ) (-2048 -1680 112 ) (-2048 -1568 112 ) 
4 85 93 (-2048 -1888 192 ) (-2048 -1888 1273.390015 ) (-2048 -1776 1273.390015 ) (-2048 -1776 192 ) 
4 85 90 (-1920 -1888 192 ) (-1152 -1888 192 ) (-1152 -1888 224 ) (-1920 -1888 224 ) 
4 85 89 (-2048 -1888 1273.390015 ) (-2048 -1888 224 ) (-1024 -1888 224 ) (-1024 -1888 1273.390015 ) 
4 85 87 (-1104 -1888 192 ) (-1968 -1888 192 ) (-1968 -1776 192 ) (-1104 -1776 192 ) 
4 85 88 (-2032 -1888 192 ) (-2048 -1888 192 ) (-2048 -1776 192 ) (-2032 -1776 192 ) 
4 85 86 (-1024 -1888 192 ) (-1040 -1888 192 ) (-1040 -1776 192 ) (-1024 -1776 192 ) 
4 87 90 (-1920 -1888 32 ) (-1152 -1888 32 ) (-1152 -1888 192 ) (-1920 -1888 192 ) 
4 88 93 (-2048 -1776 32 ) (-2048 -1888 32 ) (-2048 -1888 192 ) (-2048 -1776 192 ) 
4 89 97 (-1024 -2048 224 ) (-1024 -2048 1273.390015 ) (-2048 -2048 1273.390015 ) (-2048 -2048 224 ) 
4 89 93 (-2048 -2048 224 ) (-2048 -2048 1273.390015 ) (-2048 -1888 1273.390015 ) (-2048 -1888 224 ) 
4 89 90 (-1920 -1888 224 ) (-1152 -1888 224 ) (-1152 -2016 224 ) (-1920 -2016 224 ) 
4 89 91 (-1024 -2048 224 ) (-2048 -2048 224 ) (-2048 -2016 224 ) (-1024 -2016 224 ) 
4 90 91 (-1920 -2016 32 ) (-1152 -2016 32 ) (-1152 -2016 224 ) (-1920 -2016 224 ) 
4 91 97 (-1024 -2048 32 ) (-1024 -2048 224 ) (-2048 -2048 224 ) (-2048 -2048 32 ) 
4 91 93 (-2048 -2016 32 ) (-2048 -2048 32 ) (-2048 -2048 224 ) (-2048 -2016 224 ) 
4 92 99 (-1024 -2048 -425.390991 ) (-1024 -2048 0 ) (-2048 -2048 0 ) (-2048 -2048 -425.390991 ) 
4 92 95 (-2048 -1024 0 ) (-2048 -1024 -425.390991 ) (-2048 -2048 -425.390991 ) (-2048 -2048 0 ) 
4 93 101 (-2048 -2048 32 ) (-2048 -2048 1273.390015 ) (-2432 -2048 1273.390015 ) (-2432 -2048 32 ) 
4 93 94 (-2432 -2048 512 ) (-2432 -2048 1273.390015 ) (-2432 -1024 1273.390015 ) (-2432 -1024 512 ) 
4 94 102 (-2432 -2048 1273.390015 ) (-2464 -2048 1273.390015 ) (-2464 -2048 512 ) (-2432 -2048 512 ) 
4 94 96 (-2464 -2048 512 ) (-2464 -2048 1273.390015 ) (-2464 -1024 1273.390015 ) (-2464 -1024 512 ) 
4 95 105 (-2048 -2048 -425.390991 ) (-2048 -2048 0 ) (-2464 -2048 0 ) (-2464 -2048 -425.390991 ) 
4 95 96 (-2464 -1024 -425.390991 ) (-2464 -2048 -425.390991 ) (-2464 -2048 0 ) (-2464 -1024 0 ) 
4 96 107 (-2464 -2048 1273.390015 ) (-2928 -2048 1273.390015 ) (-2928 -2048 -425.390991 ) (-2464 -2048 -425.390991 ) 
4 97 101 (-2048 -2048 1273.390015 ) (-2048 -2048 32 ) (-2048 -2288 32 ) (-2048 -2288 1273.390015 ) 
4 97 98 (-1024 -2288 512 ) (-1024 -2288 1273.390015 ) (-2048 -2288 1273.390015 ) (-2048 -2288 512 ) 
4 98 103 (-2048 -2320 512 ) (-2048 -2320 1273.390015 ) (-2048 -2288 1273.390015 ) (-2048 -2288 512 ) 
4 98 100 (-1024 -2320 512 ) (-1024 -2320 1273.390015 ) (-2048 -2320 1273.390015 ) (-2048 -2320 512 ) 
4 99 105 (-2048 -2048 0 ) (-2048 -2048 -425.390991 ) (-2048 -2320 -425.390991 ) (-2048 -2320 0 ) 
4 99 100 (-2048 -2320 -425.390991 ) (-1024 -2320 -425.390991 ) (-1024 -2320 0 ) (-2048 -2320 0 ) 
4 100 106 (-2048 -2320 -425.390991 ) (-2048 -2398.860107 -425.390991 ) (-2048 -2398.860107 32 ) (-2048 -2320 32 ) 
4 100 104 (-2048 -2398.860107 32 ) (-2048 -2398.860107 1273.390015 ) (-2048 -2320 1273.390015 ) (-2048 -2320 32 ) 
4 101 103 (-2048 -2288 512 ) (-2048 -2288 1273.390015 ) (-2432 -2288 1273.390015 ) (-2432 -2288 512 ) 
4 101 102 (-2432 -2288 512 ) (-2432 -2288 1273.390015 ) (-2432 -2048 1273.390015 ) (-2432 -2048 512 ) 
4 102 107 (-2464 -2288 1273.390015 ) (-2464 -2048 1273.390015 ) (-2464 -2048 512 ) (-2464 -2288 512 ) 
4 102 103 (-2464 -2288 1273.390015 ) (-2464 -2288 512 ) (-2432 -2288 512 ) (-2432 -2288 1273.390015 ) 
4 103 107 (-2464 -2320 1273.390015 ) (-2464 -2288 1273.390015 ) (-2464 -2288 512 ) (-2464 -2320 512 ) 
4 103 104 (-2464 -2320 1273.390015 ) (-2464 -2320 512 ) (-2048 -2320 512 ) (-2048 -2320 1273.390015 ) 
4 104 107 (-2464 -2398.860107 1273.390015 ) (-2464 -2320 1273.390015 ) (-2464 -2320 32 ) (-2464 -2398.860107 32 ) 
4 104 106 (-2464 -2398.860107 32 ) (-2464 -2320 32 ) (-2048 -2320 32 ) (-2048 -2398.860107 32 ) 
4 105 107 (-2464 -2048 -425.390991 ) (-2464 -2320 -425.390991 ) (-2464 -2320 0 ) (-2464 -2048 0 ) 
4 105 106 (-2464 -2320 0 ) (-2464 -2320 -425.390991 ) (-2048 -2320 -425.390991 ) (-2048 -2320 0 ) 
4 106 107 (-2464 -2320 -425.390991 ) (-2464 -2398.860107 -425.390991 ) (-2464 -2398.860107 32 ) (-2464 -2320 32 ) 
